  OSlab1.c
  all_tests.c
  read.c
d:\уник\3 к\rep\memory-manager\os_lab1\read.c(11): warning C4013: malloc: нет определения; предполагается "extern" с возвратом типа "int"
d:\уник\3 к\rep\memory-manager\os_lab1\read.c(11): warning C4312: приведение типов: преобразование из "int" в "VA" большего размера
d:\уник\3 к\rep\memory-manager\os_lab1\read.c(40): warning C4312: приведение типов: преобразование из "int" в "VA" большего размера
d:\уник\3 к\rep\memory-manager\os_lab1\read.c(55): warning C4312: приведение типов: преобразование из "int" в "VA" большего размера
d:\уник\3 к\rep\memory-manager\os_lab1\read.c(56): warning C4312: приведение типов: преобразование из "int" в "VA" большего размера
d:\уник\3 к\rep\memory-manager\os_lab1\read.c(71): warning C4312: приведение типов: преобразование из "int" в "VA" большего размера
d:\уник\3 к\rep\memory-manager\os_lab1\read.c(85): warning C4312: приведение типов: преобразование из "int" в "char *" большего размера
d:\уник\3 к\rep\memory-manager\os_lab1\read.c(88): warning C4013: free: нет определения; предполагается "extern" с возвратом типа "int"
d:\уник\3 к\rep\memory-manager\os_lab1\read.c(101): warning C4312: приведение типов: преобразование из "int" в "char *" большего размера
d:\уник\3 к\rep\memory-manager\os_lab1\read.c(115): warning C4013: strlen: нет определения; предполагается "extern" с возвратом типа "int"
d:\уник\3 к\rep\memory-manager\os_lab1\read.c(120): warning C4312: приведение типов: преобразование из "int" в "char *" большего размера
d:\уник\3 к\rep\memory-manager\os_lab1\read.c(146): warning C4312: приведение типов: преобразование из "int" в "char *" большего размера
d:\уник\3 к\rep\memory-manager\os_lab1\read.c(156): warning C4550: вычисление выражения дает функцию, в которой отсутствует список аргументов
d:\уник\3 к\rep\memory-manager\os_lab1\read.c(157): warning C4550: вычисление выражения дает функцию, в которой отсутствует список аргументов
d:\уник\3 к\rep\memory-manager\os_lab1\read.c(158): warning C4550: вычисление выражения дает функцию, в которой отсутствует список аргументов
d:\уник\3 к\rep\memory-manager\os_lab1\read.c(159): warning C4550: вычисление выражения дает функцию, в которой отсутствует список аргументов
d:\уник\3 к\rep\memory-manager\os_lab1\read.c(160): warning C4550: вычисление выражения дает функцию, в которой отсутствует список аргументов
d:\уник\3 к\rep\memory-manager\os_lab1\read.c(161): warning C4550: вычисление выражения дает функцию, в которой отсутствует список аргументов
d:\уник\3 к\rep\memory-manager\os_lab1\read.c(162): warning C4550: вычисление выражения дает функцию, в которой отсутствует список аргументов
d:\уник\3 к\rep\memory-manager\os_lab1\read.c(163): warning C4550: вычисление выражения дает функцию, в которой отсутствует список аргументов
d:\уник\3 к\rep\memory-manager\os_lab1\read.c(164): warning C4550: вычисление выражения дает функцию, в которой отсутствует список аргументов
  Создание кода...
  OS_lab1.vcxproj -> D:\уник\3 к\rep\Memory-manager\x64\Debug\OS_lab1.exe
